<?xml version="1.0" encoding="UTF-8"?>
<!-- Generated by org.testng.reporters.JUnitXMLReporter -->
<testsuite hostname="DESKTOP-VVLUBII" ignored="0" name="Default test" tests="4" failures="0" timestamp="19 Jan 2024 04:17:27 GMT" time="27.412" errors="0">
  <testcase name="loginProcess" time="4.242" classname="analystt_Assignment.Assignment2"/>
  <testcase name="verifyPagetitle" time="0.806" classname="analystt_Assignment.Assignment2"/>
  <testcase name="searchCustomer" time="10.595" classname="analystt_Assignment.Assignment2"/>
  <testcase name="logout" time="3.789" classname="analystt_Assignment.Assignment2"/>
</testsuite> <!-- Default test -->
