<?xml version="1.0" encoding="UTF-8"?>
<!-- Generated by org.testng.reporters.JUnitXMLReporter -->
<testsuite hostname="DESKTOP-VVLUBII" ignored="0" name="Test" tests="4" failures="0" timestamp="19 Jan 2024 04:06:20 GMT" time="20.897" errors="0">
  <testcase name="loginProcess" time="2.965" classname="analystt_Assignment.Assignment2"/>
  <testcase name="verifyPagetitle" time="0.291" classname="analystt_Assignment.Assignment2"/>
  <testcase name="searchCustomer" time="6.108" classname="analystt_Assignment.Assignment2"/>
  <testcase name="logout" time="3.912" classname="analystt_Assignment.Assignment2"/>
</testsuite> <!-- Test -->
